<?xml version="1.0" encoding="UTF-8"?>
<!-- Generated by org.testng.reporters.JUnitReportReporter -->
<testsuite hostname="WPO1L5CD151H3MH" failures="0" tests="3" name="test.TestRunnerClass" time="18.085" errors="0" timestamp="2022-12-27T17:47:12 IST" skipped="0">
  <testcase classname="test.TestRunnerClass" name="demoTest2" time="6.184"/>
  <system-out/>
  <testcase classname="test.TestRunnerClass" name="loginIntoOrangeHRM" time="6.528"/>
  <system-out/>
  <testcase classname="test.TestRunnerClass" name="demoTest1" time="5.373"/>
  <system-out/>
</testsuite> <!-- test.TestRunnerClass -->
