<?xml version="1.0" encoding="UTF-8"?>
<!-- Generated by org.testng.reporters.JUnitReportReporter -->
<testsuite hostname="WPO1L5CD151H3MH" failures="0" tests="3" name="test.TestRunnerClass" time="22.496" errors="0" timestamp="2022-12-26T21:52:50 IST" skipped="0">
  <testcase classname="test.TestRunnerClass" name="demoTest1" time="4.676"/>
  <system-out/>
  <testcase classname="test.TestRunnerClass" name="demoTest2" time="10.974"/>
  <system-out/>
  <testcase classname="test.TestRunnerClass" name="loginIntoOrangeHRM" time="6.846"/>
  <system-out/>
</testsuite> <!-- test.TestRunnerClass -->
